businessentityid jobtitle                                           vacationhours maxvacationhours
---------------- -------------------------------------------------- ------------- ----------------
1                Chief Executive Officer                            99            100
2                Vice President of Engineering                      1             1
3                Engineering Manager                                2             2
4                Senior Tool Designer                               48            48
5                Design Engineer                                    5             5
6                Design Engineer                                    6             6
7                Research and Development Manager                   61            61
8                Research and Development Engineer                  62            62
9                Research and Development Engineer                  63            63
10               Research and Development Manager                   16            16
11               Senior Tool Designer                               7             7
12               Tool Designer                                      9             9
13               Tool Designer                                      8             8
14               Senior Design Engineer                             3             3
15               Design Engineer                                    4             4
16               Marketing Manager                                  40            40
17               Marketing Assistant                                42            42
18               Marketing Specialist                               48            48
19               Marketing Assistant                                43            43
20               Marketing Assistant                                41            41
21               Marketing Specialist                               44            44
22               Marketing Specialist                               45            45
23               Marketing Specialist                               46            46
24               Marketing Specialist                               47            47
25               Vice President of Production                       64            64
26               Production Control Manager                         43            43
27               Production Supervisor - WC60                       80            80
28               Production Technician - WC60                       21            21
29               Production Technician - WC60                       19            19
30               Production Technician - WC60                       14            14
31               Production Technician - WC60                       18            18
32               Production Technician - WC60                       23            23
33               Production Technician - WC60                       17            17
34               Production Technician - WC60                       15            15
35               Production Technician - WC60                       22            22
36               Production Technician - WC60                       20            20
37               Production Technician - WC60                       16            16
38               Production Technician - WC60                       24            24
39               Production Technician - WC60                       25            25
40               Production Supervisor - WC60                       82            82
41               Production Technician - WC60                       35            35
42               Production Technician - WC60                       39            39
43               Production Technician - WC60                       34            34
44               Production Technician - WC60                       38            38
45               Production Technician - WC60                       37            37
46               Production Technician - WC60                       36            36
47               Production Supervisor - WC10                       65            65
48               Production Technician - WC10                       83            83
49               Production Technician - WC10                       88            88
50               Production Technician - WC10                       84            84
51               Production Technician - WC10                       85            85
52               Production Technician - WC10                       86            86
53               Production Technician - WC10                       87            87
54               Production Technician - WC10                       89            89
55               Production Supervisor - WC50                       79            79
56               Production Technician - WC50                       9             9
57               Production Technician - WC50                       10            10
58               Production Technician - WC50                       11            11
59               Production Technician - WC50                       12            12
60               Production Technician - WC50                       13            13
61               Production Technician - WC50                       8             8
62               Production Supervisor - WC60                       81            81
63               Production Technician - WC60                       30            30
64               Production Technician - WC60                       26            26
65               Production Technician - WC60                       29            29
66               Production Technician - WC60                       28            28
67               Production Technician - WC60                       32            32
68               Production Technician - WC60                       27            27
69               Production Technician - WC60                       31            31
70               Production Technician - WC60                       33            33
71               Production Supervisor - WC30                       70            70
72               Production Technician - WC30                       41            41
73               Production Technician - WC30                       42            42
74               Production Technician - WC30                       43            43
75               Production Technician - WC30                       44            44
76               Production Technician - WC30                       45            45
77               Production Technician - WC30                       46            46
78               Production Supervisor - WC40                       72            72
79               Production Technician - WC40                       60            60
80               Production Technician - WC40                       65            65
81               Production Technician - WC40                       64            64
82               Production Technician - WC40                       62            62
83               Production Technician - WC40                       61            61
84               Production Technician - WC40                       66            66
85               Production Technician - WC40                       63            63
86               Production Technician - WC40                       59            59
87               Production Supervisor - WC10                       67            67
88               Production Technician - WC10                       99            100
89               Production Technician - WC10                       96            96
90               Production Technician - WC10                       97            97
91               Production Technician - WC10                       95            95
92               Production Technician - WC10                       98            98
93               Production Supervisor - WC50                       78            78
94               Production Technician - WC50                       6             6
95               Production Technician - WC50                       1             1
96               Production Technician - WC50                       5             5
97               Production Technician - WC50                       0             0
98               Production Technician - WC50                       4             4
99               Production Technician - WC50                       2             2
100              Production Technician - WC50                       7             7
101              Production Technician - WC50                       3             3
102              Production Supervisor - WC10                       66            66
103              Production Technician - WC10                       93            93
104              Production Technician - WC10                       94            94
105              Production Technician - WC10                       90            90
106              Production Technician - WC10                       92            92
107              Production Technician - WC10                       91            91
108              Production Supervisor - WC50                       77            77
109              Production Technician - WC50                       95            95
110              Production Technician - WC50                       90            90
111              Production Technician - WC50                       93            93
112              Production Technician - WC50                       91            91
113              Production Technician - WC50                       96            96
114              Production Technician - WC50                       97            97
115              Production Technician - WC50                       92            92
116              Production Technician - WC50                       98            98
117              Production Technician - WC50                       99            100
118              Production Technician - WC50                       88            88
119              Production Technician - WC50                       94            94
120              Production Technician - WC50                       89            89
121              Shipping and Receiving Supervisor                  93            93
122              Stocker                                            97            97
123              Shipping and Receiving Clerk                       95            95
124              Stocker                                            98            98
125              Shipping and Receiving Clerk                       94            94
126              Stocker                                            96            96
127              Production Supervisor - WC40                       73            73
128              Production Technician - WC40                       68            68
129              Production Technician - WC40                       69            69
130              Production Technician - WC40                       71            71
131              Production Technician - WC40                       72            72
132              Production Technician - WC40                       67            67
133              Production Technician - WC40                       70            70
134              Production Supervisor - WC20                       40            40
135              Production Technician - WC20                       9             9
136              Production Technician - WC20                       4             4
137              Production Technician - WC20                       8             8
138              Production Technician - WC20                       7             7
139              Production Technician - WC20                       0             0
140              Production Technician - WC20                       5             5
141              Production Technician - WC20                       1             1
142              Production Technician - WC20                       3             3
143              Production Technician - WC20                       2             2
144              Production Technician - WC20                       6             6
145              Production Supervisor - WC30                       69            69
146              Production Technician - WC30                       36            36
147              Production Technician - WC30                       37            37
148              Production Technician - WC30                       38            38
149              Production Technician - WC30                       39            39
150              Production Technician - WC30                       35            35
151              Production Technician - WC30                       40            40
152              Production Supervisor - WC20                       41            41
153              Production Technician - WC20                       15            15
154              Production Technician - WC20                       10            10
155              Production Technician - WC20                       16            16
156              Production Technician - WC20                       11            11
157              Production Technician - WC20                       12            12
158              Production Technician - WC20                       14            14
159              Production Technician - WC20                       13            13
160              Production Supervisor - WC45                       74            74
161              Production Technician - WC45                       74            74
162              Production Technician - WC45                       75            75
163              Production Technician - WC45                       77            77
164              Production Technician - WC45                       73            73
165              Production Technician - WC45                       76            76
166              Production Supervisor - WC30                       68            68
167              Production Technician - WC30                       25            25
168              Production Technician - WC30                       34            34
169              Production Technician - WC30                       31            31
170              Production Technician - WC30                       26            26
171              Production Technician - WC30                       32            32
172              Production Technician - WC30                       22            22
173              Production Technician - WC30                       33            33
174              Production Technician - WC30                       28            28
175              Production Technician - WC30                       23            23
176              Production Technician - WC30                       29            29
177              Production Technician - WC30                       24            24
178              Production Technician - WC30                       27            27
179              Production Technician - WC30                       30            30
180              Production Supervisor - WC20                       42            42
181              Production Technician - WC20                       20            20
182              Production Technician - WC20                       21            21
183              Production Technician - WC20                       17            17
184              Production Technician - WC20                       18            18
185              Production Technician - WC20                       19            19
186              Production Supervisor - WC45                       75            75
187              Production Technician - WC45                       79            79
188              Production Technician - WC45                       80            80
189              Production Technician - WC45                       81            81
190              Production Technician - WC45                       82            82
191              Production Technician - WC45                       78            78
192              Production Supervisor - WC40                       71            71
193              Production Technician - WC40                       52            52
194              Production Technician - WC40                       47            47
195              Production Technician - WC40                       58            58
196              Production Technician - WC40                       53            53
197              Production Technician - WC40                       48            48
198              Production Technician - WC40                       49            49
199              Production Technician - WC40                       54            54
200              Production Technician - WC40                       56            56
201              Production Technician - WC40                       55            55
202              Production Technician - WC40                       50            50
203              Production Technician - WC40                       51            51
204              Production Technician - WC40                       57            57
205              Production Supervisor - WC45                       76            76
206              Production Technician - WC45                       84            84
207              Production Technician - WC45                       85            85
208              Production Technician - WC45                       86            86
209              Production Technician - WC45                       87            87
210              Production Technician - WC45                       83            83
211              Quality Assurance Manager                          80            80
212              Quality Assurance Supervisor                       81            81
213              Quality Assurance Technician                       85            85
214              Quality Assurance Technician                       84            84
215              Quality Assurance Technician                       83            83
216              Quality Assurance Technician                       82            82
217              Document Control Manager                           77            77
218              Control Specialist                                 76            76
219              Document Control Assistant                         78            78
220              Document Control Assistant                         79            79
221              Control Specialist                                 75            75
222              Master Scheduler                                   44            44
223              Scheduling Assistant                               46            46
224              Scheduling Assistant                               45            45
225              Scheduling Assistant                               47            47
226              Scheduling Assistant                               48            48
227              Facilities Manager                                 86            86
228              Maintenance Supervisor                             92            92
229              Janitor                                            90            90
230              Janitor                                            88            88
231              Janitor                                            91            91
232              Janitor                                            89            89
233              Facilities Administrative Assistant                87            87
234              Chief Financial Officer                            0             0
235              Human Resources Manager                            54            54
236              Human Resources Administrative Assistant           53            53
237              Human Resources Administrative Assistant           52            52
238              Recruiter                                          50            50
239              Benefits Specialist                                51            51
240              Recruiter                                          49            49
241              Accounts Manager                                   57            57
242              Accounts Receivable Specialist                     60            60
243              Accounts Receivable Specialist                     61            61
244              Accounts Receivable Specialist                     62            62
245              Accountant                                         58            58
246              Accounts Payable Specialist                        63            63
247              Accounts Payable Specialist                        64            64
248              Accountant                                         59            59
249              Finance Manager                                    55            55
250              Purchasing Manager                                 49            49
251              Buyer                                              59            59
252              Buyer                                              60            60
253              Buyer                                              56            56
254              Buyer                                              57            57
255              Buyer                                              52            52
256              Buyer                                              58            58
257              Buyer                                              54            54
258              Buyer                                              53            53
259              Buyer                                              55            55
260              Purchasing Assistant                               50            50
261              Purchasing Assistant                               51            51
262              Assistant to the Chief Financial Officer           56            56
263              Information Services Manager                       65            65
264              Network Manager                                    68            68
265              Network Administrator                              70            70
266              Network Administrator                              69            69
267              Application Specialist                             74            74
268              Application Specialist                             73            73
269              Application Specialist                             72            72
270              Database Administrator                             67            67
271              Database Administrator                             66            66
272              Application Specialist                             71            71
273              Vice President of Sales                            10            10
274              North American Sales Manager                       14            14
275              Sales Representative                               38            38
276              Sales Representative                               27            27
277              Sales Representative                               24            24
278              Sales Representative                               33            33
279              Sales Representative                               29            29
280              Sales Representative                               22            22
281              Sales Representative                               26            26
282              Sales Representative                               31            31
283              Sales Representative                               23            23
284              Sales Representative                               39            39
285              Pacific Sales Manager                              20            20
286              Sales Representative                               36            36
287              European Sales Manager                             21            21
288              Sales Representative                               35            35
289              Sales Representative                               37            37
290              Sales Representative                               34            34

(290 rows affected)


Completion time: 2022-09-14T18:09:48.7734396+05:30
